# JRE version: OpenJDK Runtime Environment (8.0_265-b01) (build 1.8.0_265-b01)
# Java VM: OpenJDK 64-Bit Server VM (25.265-b01 mixed mode linux-amd64 compressed oops)
Heap:
 PSYoungGen      total 844288K, used 9806K [0x000000076ab00000, 0x00000007add00000, 0x00000007c0000000)
  eden space 766464K, 0% used [0x000000076ab00000,0x000000076ab00000,0x0000000799780000)
  from space 77824K, 12% used [0x00000007a0500000,0x00000007a0e93bc0,0x00000007a5100000)
  to   space 112128K, 0% used [0x0000000799780000,0x0000000799780000,0x00000007a0500000)
 ParOldGen       total 180224K, used 180024K [0x00000006c0000000, 0x00000006cb000000, 0x000000076ab00000)
  object space 180224K, 99% used [0x00000006c0000000,0x00000006cafce3c0,0x00000006cb000000)
 Metaspace       used 81524K, capacity 90122K, committed 90496K, reserved 1126400K
  class space    used 11136K, capacity 13634K, committed 13696K, reserved 1048576K
GC Heap History (10 events):
Event: 54.760 GC heap after
Heap after GC invocations=13 (full 2):
 PSYoungGen      total 491008K, used 4928K [0x000000076ab00000, 0x0000000795700000, 0x00000007c0000000)
  eden space 445440K, 0% used [0x000000076ab00000,0x000000076ab00000,0x0000000785e00000)
  from space 45568K, 10% used [0x0000000785e00000,0x00000007862d0000,0x0000000788a80000)
  to   space 45056K, 0% used [0x0000000792b00000,0x0000000792b00000,0x0000000795700000)
 ParOldGen       total 138240K, used 78113K [0x00000006c0000000, 0x00000006c8700000, 0x000000076ab00000)
  object space 138240K, 56% used [0x00000006c0000000,0x00000006c4c48728,0x00000006c8700000)
 Metaspace       used 50989K, capacity 53266K, committed 53504K, reserved 1095680K
  class space    used 6798K, capacity 7407K, committed 7424K, reserved 1048576K
}
Event: 182.143 GC heap before
{Heap before GC invocations=14 (full 2):
 PSYoungGen      total 491008K, used 372834K [0x000000076ab00000, 0x0000000795700000, 0x00000007c0000000)
  eden space 445440K, 82% used [0x000000076ab00000,0x0000000781248a80,0x0000000785e00000)
  from space 45568K, 10% used [0x0000000785e00000,0x00000007862d0000,0x0000000788a80000)
  to   space 45056K, 0% used [0x0000000792b00000,0x0000000792b00000,0x0000000795700000)
 ParOldGen       total 138240K, used 78113K [0x00000006c0000000, 0x00000006c8700000, 0x000000076ab00000)
  object space 138240K, 56% used [0x00000006c0000000,0x00000006c4c48728,0x00000006c8700000)
 Metaspace       used 56206K, capacity 58864K, committed 59008K, reserved 1099776K
  class space    used 7543K, capacity 8246K, committed 8320K, reserved 1048576K
Event: 182.518 GC heap after
Heap after GC invocations=14 (full 2):
 PSYoungGen      total 638976K, used 45033K [0x000000076ab00000, 0x0000000795b00000, 0x00000007c0000000)
  eden space 593920K, 0% used [0x000000076ab00000,0x000000076ab00000,0x000000078ef00000)
  from space 45056K, 99% used [0x0000000792b00000,0x00000007956fa5f0,0x0000000795700000)
  to   space 55296K, 0% used [0x000000078ef00000,0x000000078ef00000,0x0000000792500000)
 ParOldGen       total 138240K, used 84287K [0x00000006c0000000, 0x00000006c8700000, 0x000000076ab00000)
  object space 138240K, 60% used [0x00000006c0000000,0x00000006c524fd18,0x00000006c8700000)
 Metaspace       used 56206K, capacity 58864K, committed 59008K, reserved 1099776K
  class space    used 7543K, capacity 8246K, committed 8320K, reserved 1048576K
}
Event: 182.518 GC heap before
{Heap before GC invocations=15 (full 3):
 PSYoungGen      total 638976K, used 45033K [0x000000076ab00000, 0x0000000795b00000, 0x00000007c0000000)
  eden space 593920K, 0% used [0x000000076ab00000,0x000000076ab00000,0x000000078ef00000)
  from space 45056K, 99% used [0x0000000792b00000,0x00000007956fa5f0,0x0000000795700000)
  to   space 55296K, 0% used [0x000000078ef00000,0x000000078ef00000,0x0000000792500000)
 ParOldGen       total 138240K, used 84287K [0x00000006c0000000, 0x00000006c8700000, 0x000000076ab00000)
  object space 138240K, 60% used [0x00000006c0000000,0x00000006c524fd18,0x00000006c8700000)
 Metaspace       used 56206K, capacity 58864K, committed 59008K, reserved 1099776K
  class space    used 7543K, capacity 8246K, committed 8320K, reserved 1048576K
Event: 183.620 GC heap after
Heap after GC invocations=15 (full 3):
 PSYoungGen      total 638976K, used 0K [0x000000076ab00000, 0x0000000795b00000, 0x00000007c0000000)
  eden space 593920K, 0% used [0x000000076ab00000,0x000000076ab00000,0x000000078ef00000)
  from space 45056K, 0% used [0x0000000792b00000,0x0000000792b00000,0x0000000795700000)
  to   space 55296K, 0% used [0x000000078ef00000,0x000000078ef00000,0x0000000792500000)
 ParOldGen       total 180224K, used 81209K [0x00000006c0000000, 0x00000006cb000000, 0x000000076ab00000)
  object space 180224K, 45% used [0x00000006c0000000,0x00000006c4f4e470,0x00000006cb000000)
 Metaspace       used 56200K, capacity 58846K, committed 59008K, reserved 1099776K
  class space    used 7541K, capacity 8243K, committed 8320K, reserved 1048576K
}
Event: 206.325 GC heap before
{Heap before GC invocations=16 (full 3):
 PSYoungGen      total 638976K, used 593920K [0x000000076ab00000, 0x0000000795b00000, 0x00000007c0000000)
  eden space 593920K, 100% used [0x000000076ab00000,0x000000078ef00000,0x000000078ef00000)
  from space 45056K, 0% used [0x0000000792b00000,0x0000000792b00000,0x0000000795700000)
  to   space 55296K, 0% used [0x000000078ef00000,0x000000078ef00000,0x0000000792500000)
 ParOldGen       total 180224K, used 81209K [0x00000006c0000000, 0x00000006cb000000, 0x000000076ab00000)
  object space 180224K, 45% used [0x00000006c0000000,0x00000006c4f4e470,0x00000006cb000000)
 Metaspace       used 74916K, capacity 82458K, committed 82560K, reserved 1120256K
  class space    used 10287K, capacity 12600K, committed 12672K, reserved 1048576K
Event: 206.627 GC heap after
Heap after GC invocations=16 (full 3):
 PSYoungGen      total 649216K, used 55264K [0x000000076ab00000, 0x00000007a5100000, 0x00000007c0000000)
  eden space 593920K, 0% used [0x000000076ab00000,0x000000076ab00000,0x000000078ef00000)
  from space 55296K, 99% used [0x000000078ef00000,0x00000007924f8040,0x0000000792500000)
  to   space 77824K, 0% used [0x00000007a0500000,0x00000007a0500000,0x00000007a5100000)
 ParOldGen       total 180224K, used 116611K [0x00000006c0000000, 0x00000006cb000000, 0x000000076ab00000)
  object space 180224K, 64% used [0x00000006c0000000,0x00000006c71e0db0,0x00000006cb000000)
 Metaspace       used 74916K, capacity 82458K, committed 82560K, reserved 1120256K
  class space    used 10287K, capacity 12600K, committed 12672K, reserved 1048576K
}
Event: 228.741 GC heap before
{Heap before GC invocations=17 (full 3):
 PSYoungGen      total 649216K, used 649184K [0x000000076ab00000, 0x00000007a5100000, 0x00000007c0000000)
  eden space 593920K, 100% used [0x000000076ab00000,0x000000078ef00000,0x000000078ef00000)
  from space 55296K, 99% used [0x000000078ef00000,0x00000007924f8040,0x0000000792500000)
  to   space 77824K, 0% used [0x00000007a0500000,0x00000007a0500000,0x00000007a5100000)
 ParOldGen       total 180224K, used 116611K [0x00000006c0000000, 0x00000006cb000000, 0x000000076ab00000)
  object space 180224K, 64% used [0x00000006c0000000,0x00000006c71e0db0,0x00000006cb000000)
 Metaspace       used 81615K, capacity 90362K, committed 90496K, reserved 1126400K
  class space    used 11165K, capacity 13684K, committed 13696K, reserved 1048576K
Event: 232.668 GC heap after
Heap after GC invocations=17 (full 3):
 PSYoungGen      total 844288K, used 77799K [0x000000076ab00000, 0x00000007add00000, 0x00000007c0000000)
  eden space 766464K, 0% used [0x000000076ab00000,0x000000076ab00000,0x0000000799780000)
  from space 77824K, 99% used [0x00000007a0500000,0x00000007a50f9d70,0x00000007a5100000)
  to   space 112128K, 0% used [0x0000000799780000,0x0000000799780000,0x00000007a0500000)
 ParOldGen       total 180224K, used 172127K [0x00000006c0000000, 0x00000006cb000000, 0x000000076ab00000)
  object space 180224K, 95% used [0x00000006c0000000,0x00000006ca817fc0,0x00000006cb000000)
 Metaspace       used 81615K, capacity 90362K, committed 90496K, reserved 1126400K
  class space    used 11165K, capacity 13684K, committed 13696K, reserved 1048576K
}
Event: 232.683 GC heap before
{Heap before GC invocations=18 (full 4):
 PSYoungGen      total 844288K, used 77799K [0x000000076ab00000, 0x00000007add00000, 0x00000007c0000000)
  eden space 766464K, 0% used [0x000000076ab00000,0x000000076ab00000,0x0000000799780000)
  from space 77824K, 99% used [0x00000007a0500000,0x00000007a50f9d70,0x00000007a5100000)
  to   space 112128K, 0% used [0x0000000799780000,0x0000000799780000,0x00000007a0500000)
 ParOldGen       total 180224K, used 172127K [0x00000006c0000000, 0x00000006cb000000, 0x000000076ab00000)
  object space 180224K, 95% used [0x00000006c0000000,0x00000006ca817fc0,0x00000006cb000000)
 Metaspace       used 81615K, capacity 90362K, committed 90496K, reserved 1126400K
  class space    used 11165K, capacity 13684K, committed 13696K, reserved 1048576K

