# JRE version: OpenJDK Runtime Environment (8.0_265-b01) (build 1.8.0_265-b01)
# Java VM: OpenJDK 64-Bit Server VM (25.265-b01 mixed mode linux-amd64 compressed oops)
Heap:
 PSYoungGen      total 644096K, used 47072K [0x000000076ab00000, 0x0000000796200000, 0x00000007c0000000)
  eden space 596992K, 0% used [0x000000076ab00000,0x000000076ab00000,0x000000078f200000)
  from space 47104K, 99% used [0x000000078f200000,0x0000000791ff8010,0x0000000792000000)
  to   space 37888K, 0% used [0x0000000792000000,0x0000000792000000,0x0000000794500000)
 ParOldGen       total 175616K, used 119284K [0x00000006c0000000, 0x00000006cab80000, 0x000000076ab00000)
  object space 175616K, 67% used [0x00000006c0000000,0x00000006c747d2a8,0x00000006cab80000)
 Metaspace       used 74803K, capacity 82314K, committed 82560K, reserved 1120256K
  class space    used 10279K, capacity 12595K, committed 12672K, reserved 1048576K
GC Heap History (10 events):
Event: 18.037 GC heap after
Heap after GC invocations=11 (full 2):
 PSYoungGen      total 367104K, used 5073K [0x000000076ab00000, 0x000000078c200000, 0x00000007c0000000)
  eden space 352256K, 0% used [0x000000076ab00000,0x000000076ab00000,0x0000000780300000)
  from space 14848K, 34% used [0x0000000780300000,0x00000007807f4438,0x0000000781180000)
  to   space 32768K, 0% used [0x000000078a200000,0x000000078a200000,0x000000078c200000)
 ParOldGen       total 134656K, used 54681K [0x00000006c0000000, 0x00000006c8380000, 0x000000076ab00000)
  object space 134656K, 40% used [0x00000006c0000000,0x00000006c35664a8,0x00000006c8380000)
 Metaspace       used 34303K, capacity 35382K, committed 35416K, reserved 1079296K
  class space    used 4532K, capacity 4841K, committed 4864K, reserved 1048576K
}
Event: 22.764 GC heap before
{Heap before GC invocations=12 (full 2):
 PSYoungGen      total 367104K, used 357329K [0x000000076ab00000, 0x000000078c200000, 0x00000007c0000000)
  eden space 352256K, 100% used [0x000000076ab00000,0x0000000780300000,0x0000000780300000)
  from space 14848K, 34% used [0x0000000780300000,0x00000007807f4438,0x0000000781180000)
  to   space 32768K, 0% used [0x000000078a200000,0x000000078a200000,0x000000078c200000)
 ParOldGen       total 134656K, used 54681K [0x00000006c0000000, 0x00000006c8380000, 0x000000076ab00000)
  object space 134656K, 40% used [0x00000006c0000000,0x00000006c35664a8,0x00000006c8380000)
 Metaspace       used 51050K, capacity 53430K, committed 53504K, reserved 1095680K
  class space    used 6802K, capacity 7423K, committed 7424K, reserved 1048576K
Event: 22.826 GC heap after
Heap after GC invocations=12 (full 2):
 PSYoungGen      total 495616K, used 32756K [0x000000076ab00000, 0x000000078c200000, 0x00000007c0000000)
  eden space 462848K, 0% used [0x000000076ab00000,0x000000076ab00000,0x0000000786f00000)
  from space 32768K, 99% used [0x000000078a200000,0x000000078c1fd130,0x000000078c200000)
  to   space 39424K, 0% used [0x0000000787500000,0x0000000787500000,0x0000000789b80000)
 ParOldGen       total 134656K, used 58331K [0x00000006c0000000, 0x00000006c8380000, 0x000000076ab00000)
  object space 134656K, 43% used [0x00000006c0000000,0x00000006c38f6c30,0x00000006c8380000)
 Metaspace       used 51050K, capacity 53430K, committed 53504K, reserved 1095680K
  class space    used 6802K, capacity 7423K, committed 7424K, reserved 1048576K
}
Event: 27.484 GC heap before
{Heap before GC invocations=13 (full 2):
 PSYoungGen      total 495616K, used 495604K [0x000000076ab00000, 0x000000078c200000, 0x00000007c0000000)
  eden space 462848K, 100% used [0x000000076ab00000,0x0000000786f00000,0x0000000786f00000)
  from space 32768K, 99% used [0x000000078a200000,0x000000078c1fd130,0x000000078c200000)
  to   space 39424K, 0% used [0x0000000787500000,0x0000000787500000,0x0000000789b80000)
 ParOldGen       total 134656K, used 58331K [0x00000006c0000000, 0x00000006c8380000, 0x000000076ab00000)
  object space 134656K, 43% used [0x00000006c0000000,0x00000006c38f6c30,0x00000006c8380000)
 Metaspace       used 51064K, capacity 53434K, committed 53504K, reserved 1095680K
  class space    used 6802K, capacity 7423K, committed 7424K, reserved 1048576K
Event: 27.569 GC heap after
Heap after GC invocations=13 (full 2):
 PSYoungGen      total 508416K, used 9664K [0x000000076ab00000, 0x0000000794500000, 0x00000007c0000000)
  eden space 468992K, 0% used [0x000000076ab00000,0x000000076ab00000,0x0000000787500000)
  from space 39424K, 24% used [0x0000000787500000,0x0000000787e70000,0x0000000789b80000)
  to   space 37888K, 0% used [0x0000000792000000,0x0000000792000000,0x0000000794500000)
 ParOldGen       total 134656K, used 78134K [0x00000006c0000000, 0x00000006c8380000, 0x000000076ab00000)
  object space 134656K, 58% used [0x00000006c0000000,0x00000006c4c4d9b8,0x00000006c8380000)
 Metaspace       used 51064K, capacity 53434K, committed 53504K, reserved 1095680K
  class space    used 6802K, capacity 7423K, committed 7424K, reserved 1048576K
}
Event: 35.722 GC heap before
{Heap before GC invocations=14 (full 2):
 PSYoungGen      total 508416K, used 349627K [0x000000076ab00000, 0x0000000794500000, 0x00000007c0000000)
  eden space 468992K, 72% used [0x000000076ab00000,0x000000077f6fee48,0x0000000787500000)
  from space 39424K, 24% used [0x0000000787500000,0x0000000787e70000,0x0000000789b80000)
  to   space 37888K, 0% used [0x0000000792000000,0x0000000792000000,0x0000000794500000)
 ParOldGen       total 134656K, used 78134K [0x00000006c0000000, 0x00000006c8380000, 0x000000076ab00000)
  object space 134656K, 58% used [0x00000006c0000000,0x00000006c4c4d9b8,0x00000006c8380000)
 Metaspace       used 56065K, capacity 58890K, committed 59008K, reserved 1099776K
  class space    used 7516K, capacity 8257K, committed 8320K, reserved 1048576K
Event: 35.911 GC heap after
Heap after GC invocations=14 (full 2):
 PSYoungGen      total 634880K, used 37886K [0x000000076ab00000, 0x0000000796200000, 0x00000007c0000000)
  eden space 596992K, 0% used [0x000000076ab00000,0x000000076ab00000,0x000000078f200000)
  from space 37888K, 99% used [0x0000000792000000,0x00000007944ffb68,0x0000000794500000)
  to   space 47104K, 0% used [0x000000078f200000,0x000000078f200000,0x0000000792000000)
 ParOldGen       total 134656K, used 86046K [0x00000006c0000000, 0x00000006c8380000, 0x000000076ab00000)
  object space 134656K, 63% used [0x00000006c0000000,0x00000006c5407a68,0x00000006c8380000)
 Metaspace       used 56065K, capacity 58890K, committed 59008K, reserved 1099776K
  class space    used 7516K, capacity 8257K, committed 8320K, reserved 1048576K
}
Event: 35.911 GC heap before
{Heap before GC invocations=15 (full 3):
 PSYoungGen      total 634880K, used 37886K [0x000000076ab00000, 0x0000000796200000, 0x00000007c0000000)
  eden space 596992K, 0% used [0x000000076ab00000,0x000000076ab00000,0x000000078f200000)
  from space 37888K, 99% used [0x0000000792000000,0x00000007944ffb68,0x0000000794500000)
  to   space 47104K, 0% used [0x000000078f200000,0x000000078f200000,0x0000000792000000)
 ParOldGen       total 134656K, used 86046K [0x00000006c0000000, 0x00000006c8380000, 0x000000076ab00000)
  object space 134656K, 63% used [0x00000006c0000000,0x00000006c5407a68,0x00000006c8380000)
 Metaspace       used 56065K, capacity 58890K, committed 59008K, reserved 1099776K
  class space    used 7516K, capacity 8257K, committed 8320K, reserved 1048576K
Event: 36.393 GC heap after
Heap after GC invocations=15 (full 3):
 PSYoungGen      total 634880K, used 0K [0x000000076ab00000, 0x0000000796200000, 0x00000007c0000000)
  eden space 596992K, 0% used [0x000000076ab00000,0x000000076ab00000,0x000000078f200000)
  from space 37888K, 0% used [0x0000000792000000,0x0000000792000000,0x0000000794500000)
  to   space 47104K, 0% used [0x000000078f200000,0x000000078f200000,0x0000000792000000)
 ParOldGen       total 175616K, used 75909K [0x00000006c0000000, 0x00000006cab80000, 0x000000076ab00000)
  object space 175616K, 43% used [0x00000006c0000000,0x00000006c4a21428,0x00000006cab80000)
 Metaspace       used 56032K, capacity 58776K, committed 59008K, reserved 1099776K
  class space    used 7505K, capacity 8238K, committed 8320K, reserved 1048576K
}
Event: 50.296 GC heap before
{Heap before GC invocations=16 (full 3):
 PSYoungGen      total 634880K, used 596992K [0x000000076ab00000, 0x0000000796200000, 0x00000007c0000000)
  eden space 596992K, 100% used [0x000000076ab00000,0x000000078f200000,0x000000078f200000)
  from space 37888K, 0% used [0x0000000792000000,0x0000000792000000,0x0000000794500000)
  to   space 47104K, 0% used [0x000000078f200000,0x000000078f200000,0x0000000792000000)
 ParOldGen       total 175616K, used 75909K [0x00000006c0000000, 0x00000006cab80000, 0x000000076ab00000)
  object space 175616K, 43% used [0x00000006c0000000,0x00000006c4a21428,0x00000006cab80000)
 Metaspace       used 74803K, capacity 82314K, committed 82560K, reserved 1120256K
  class space    used 10279K, capacity 12595K, committed 12672K, reserved 1048576K

